<?xml version="1.0" encoding="UTF-8"?>
<testsuite name="runner.TestRunnerNew" time="0.003" tests="4" errors="0" skipped="0" failures="0">
  <properties>
[...]
</properties>
  <testcase name="Given open firefox and start application" classname="| wuikhan@gmail.com | Pakistan1 |" time="0.001"/>
  <testcase name="When I enter a valid &quot;wuikhan@gmail.com&quot; and valid &quot;Pakistan1&quot;" classname="| wuikhan@gmail.com | Pakistan1 |" time="0.001"/>
  <testcase name="Then user should be able to login successfully" classname="| wuikhan@gmail.com | Pakistan1 |" time="0"/>
  <testcase name="| wuikhan@gmail.com | Pakistan1 |" classname="| wuikhan@gmail.com | Pakistan1 |" time="0.001"/>
</testsuite>